# JRE version: OpenJDK Runtime Environment Zulu17.34+19-CA (17.0.3+7) (build 17.0.3+7-LTS)
# Java VM: OpenJDK 64-Bit Server VM Zulu17.34+19-CA (17.0.3+7-LTS, mixed mode, sharing, tiered, compressed oops, compressed class ptrs, g1 gc, windows-amd64)
GC Precious Log:
 CPUs: 12 total, 12 available
 Memory: 31953M
 Large Page Support: Disabled
 NUMA Support: Disabled
 Compressed Oops: Enabled (Zero based)
 Heap Region Size: 2M
 Heap Min Capacity: 8M
 Heap Initial Capacity: 500M
 Heap Max Capacity: 2500M
 Pre-touch: Disabled
 Parallel Workers: 10
 Concurrent Workers: 3
 Concurrent Refinement Workers: 10
 Periodic GC: Disabled
Heap:
 garbage-first heap   total 321536K, used 278275K [0x0000000763c00000, 0x0000000800000000)
  region size 2048K, 93 young (190464K), 1 survivors (2048K)
 Metaspace       used 68106K, committed 68544K, reserved 1114112K
  class space    used 8120K, committed 8320K, reserved 1048576K
GC Heap History (20 events):
Event: 2.914 GC heap before
{Heap before GC invocations=10 (full 0):
 garbage-first heap   total 921600K, used 798742K [0x0000000763c00000, 0x0000000800000000)
  region size 2048K, 268 young (548864K), 31 survivors (63488K)
 Metaspace       used 18907K, committed 19136K, reserved 1073152K
  class space    used 2013K, committed 2112K, reserved 1048576K
}
Event: 2.930 GC heap after
{Heap after GC invocations=11 (full 0):
 garbage-first heap   total 921600K, used 218936K [0x0000000763c00000, 0x0000000800000000)
  region size 2048K, 24 young (49152K), 24 survivors (49152K)
 Metaspace       used 18907K, committed 19136K, reserved 1073152K
  class space    used 2013K, committed 2112K, reserved 1048576K
}
Event: 3.269 GC heap before
{Heap before GC invocations=11 (full 0):
 garbage-first heap   total 921600K, used 722744K [0x0000000763c00000, 0x0000000800000000)
  region size 2048K, 270 young (552960K), 24 survivors (49152K)
 Metaspace       used 18927K, committed 19136K, reserved 1073152K
  class space    used 2013K, committed 2112K, reserved 1048576K
}
Event: 3.292 GC heap after
{Heap after GC invocations=12 (full 0):
 garbage-first heap   total 1167360K, used 250826K [0x0000000763c00000, 0x0000000800000000)
  region size 2048K, 25 young (51200K), 25 survivors (51200K)
 Metaspace       used 18927K, committed 19136K, reserved 1073152K
  class space    used 2013K, committed 2112K, reserved 1048576K
}
Event: 4.040 GC heap before
{Heap before GC invocations=12 (full 0):
 garbage-first heap   total 1167360K, used 512970K [0x0000000763c00000, 0x0000000800000000)
  region size 2048K, 155 young (317440K), 25 survivors (51200K)
 Metaspace       used 21222K, committed 21504K, reserved 1073152K
  class space    used 2255K, committed 2432K, reserved 1048576K
}
Event: 4.060 GC heap after
{Heap after GC invocations=13 (full 0):
 garbage-first heap   total 1167360K, used 264143K [0x0000000763c00000, 0x0000000800000000)
  region size 2048K, 28 young (57344K), 28 survivors (57344K)
 Metaspace       used 21222K, committed 21504K, reserved 1073152K
  class space    used 2255K, committed 2432K, reserved 1048576K
}
Event: 4.993 GC heap before
{Heap before GC invocations=14 (full 0):
 garbage-first heap   total 894976K, used 376783K [0x0000000763c00000, 0x0000000800000000)
  region size 2048K, 84 young (172032K), 28 survivors (57344K)
 Metaspace       used 36351K, committed 36608K, reserved 1081344K
  class space    used 4042K, committed 4160K, reserved 1048576K
}
Event: 5.011 GC heap after
{Heap after GC invocations=15 (full 0):
 garbage-first heap   total 894976K, used 272721K [0x0000000763c00000, 0x0000000800000000)
  region size 2048K, 6 young (12288K), 6 survivors (12288K)
 Metaspace       used 36351K, committed 36608K, reserved 1081344K
  class space    used 4042K, committed 4160K, reserved 1048576K
}
Event: 5.056 GC heap before
{Heap before GC invocations=15 (full 0):
 garbage-first heap   total 894976K, used 278865K [0x0000000763c00000, 0x0000000800000000)
  region size 2048K, 10 young (20480K), 6 survivors (12288K)
 Metaspace       used 36665K, committed 36928K, reserved 1081344K
  class space    used 4066K, committed 4224K, reserved 1048576K
}
Event: 5.062 GC heap after
{Heap after GC invocations=16 (full 0):
 garbage-first heap   total 894976K, used 209507K [0x0000000763c00000, 0x0000000800000000)
  region size 2048K, 2 young (4096K), 2 survivors (4096K)
 Metaspace       used 36665K, committed 36928K, reserved 1081344K
  class space    used 4066K, committed 4224K, reserved 1048576K
}
Event: 5.107 GC heap before
{Heap before GC invocations=16 (full 0):
 garbage-first heap   total 894976K, used 213603K [0x0000000763c00000, 0x0000000800000000)
  region size 2048K, 5 young (10240K), 2 survivors (4096K)
 Metaspace       used 37042K, committed 37248K, reserved 1089536K
  class space    used 4128K, committed 4224K, reserved 1048576K
}
Event: 5.110 GC heap after
{Heap after GC invocations=17 (full 0):
 garbage-first heap   total 894976K, used 208142K [0x0000000763c00000, 0x0000000800000000)
  region size 2048K, 2 young (4096K), 2 survivors (4096K)
 Metaspace       used 37042K, committed 37248K, reserved 1089536K
  class space    used 4128K, committed 4224K, reserved 1048576K
}
Event: 506.352 GC heap before
{Heap before GC invocations=18 (full 0):
 garbage-first heap   total 458752K, used 404799K [0x0000000763c00000, 0x0000000800000000)
  region size 2048K, 118 young (241664K), 2 survivors (4096K)
 Metaspace       used 58279K, committed 58752K, reserved 1105920K
  class space    used 6649K, committed 6912K, reserved 1048576K
}
Event: 506.359 GC heap after
{Heap after GC invocations=19 (full 0):
 garbage-first heap   total 458752K, used 182513K [0x0000000763c00000, 0x0000000800000000)
  region size 2048K, 7 young (14336K), 7 survivors (14336K)
 Metaspace       used 58279K, committed 58752K, reserved 1105920K
  class space    used 6649K, committed 6912K, reserved 1048576K
}
Event: 506.430 GC heap before
{Heap before GC invocations=19 (full 0):
 garbage-first heap   total 458752K, used 190705K [0x0000000763c00000, 0x0000000800000000)
  region size 2048K, 11 young (22528K), 7 survivors (14336K)
 Metaspace       used 59403K, committed 59904K, reserved 1105920K
  class space    used 6768K, committed 7040K, reserved 1048576K
}
Event: 506.436 GC heap after
{Heap after GC invocations=20 (full 0):
 garbage-first heap   total 458752K, used 110397K [0x0000000763c00000, 0x0000000800000000)
  region size 2048K, 1 young (2048K), 1 survivors (2048K)
 Metaspace       used 59403K, committed 59904K, reserved 1105920K
  class space    used 6768K, committed 7040K, reserved 1048576K
}
Event: 508.259 GC heap before
{Heap before GC invocations=20 (full 0):
 garbage-first heap   total 458752K, used 137021K [0x0000000763c00000, 0x0000000800000000)
  region size 2048K, 11 young (22528K), 1 survivors (2048K)
 Metaspace       used 61809K, committed 62272K, reserved 1105920K
  class space    used 6866K, committed 7104K, reserved 1048576K
}
Event: 508.263 GC heap after
{Heap after GC invocations=21 (full 0):
 garbage-first heap   total 458752K, used 91462K [0x0000000763c00000, 0x0000000800000000)
  region size 2048K, 2 young (4096K), 2 survivors (4096K)
 Metaspace       used 61809K, committed 62272K, reserved 1105920K
  class space    used 6866K, committed 7104K, reserved 1048576K
}
Event: 508.274 GC heap before
{Heap before GC invocations=21 (full 0):
 garbage-first heap   total 458752K, used 91462K [0x0000000763c00000, 0x0000000800000000)
  region size 2048K, 3 young (6144K), 2 survivors (4096K)
 Metaspace       used 61941K, committed 62400K, reserved 1105920K
  class space    used 6868K, committed 7104K, reserved 1048576K
}
Event: 508.277 GC heap after
{Heap after GC invocations=22 (full 0):
 garbage-first heap   total 458752K, used 89859K [0x0000000763c00000, 0x0000000800000000)
  region size 2048K, 1 young (2048K), 1 survivors (2048K)
 Metaspace       used 61941K, committed 62400K, reserved 1105920K
  class space    used 6868K, committed 7104K, reserved 1048576K
}

